2023-03-25 22:25:02,885 [Worker-2: Loading available Gradle versions] INFO  o.e.b.c.i.u.g.PublishedGradleVersions - Gradle version information cache is up-to-date. Trying to read.
2023-03-25 22:26:55,094 [Worker-9: Import Getting Started Content] INFO  o.e.m.c.i.l.LifecycleMappingFactory - Using org.eclipse.m2e.jdt.JarLifecycleMapping lifecycle mapping for MavenProject: com.test.rest.api:Test:0.0.1-SNAPSHOT @ C:\Users\diaz5\OneDrive\Music\Documentos\Programas Java\JobTest\Test\pom.xml.
2023-03-25 22:26:55,760 [Worker-9: Import Getting Started Content] INFO  o.e.m.j.i.AbstractJavaProjectConfigurator - Adding source folder /Test/src/main/java
2023-03-25 22:26:55,760 [Worker-9: Import Getting Started Content] INFO  o.e.m.j.i.AbstractJavaProjectConfigurator - Adding resource folder /Test/src/main/resources
2023-03-25 22:26:55,763 [Worker-9: Import Getting Started Content] INFO  o.e.m.j.i.AbstractJavaProjectConfigurator - Adding resource folder /Test/src/main/resources
2023-03-25 22:26:55,766 [Worker-9: Import Getting Started Content] INFO  o.e.m.j.i.AbstractJavaProjectConfigurator - Adding source folder /Test/src/test/java
2023-03-25 22:26:56,739 [Worker-9: Import Getting Started Content] INFO  o.e.m.c.i.p.ProjectConfigurationManager - Imported and configured 1 project(s) in 2 sec
2023-03-25 22:26:56,745 [Worker-9: Import Getting Started Content] INFO  o.e.m.c.i.p.ProjectConfigurationManager - Update started
2023-03-25 22:26:56,904 [Worker-9: Import Getting Started Content] INFO  o.e.m.c.i.l.LifecycleMappingFactory - Using org.eclipse.m2e.jdt.JarLifecycleMapping lifecycle mapping for MavenProject: com.test.rest.api:Test:0.0.1-SNAPSHOT @ C:\Users\diaz5\OneDrive\Music\Documentos\Programas Java\JobTest\Test\pom.xml.
2023-03-25 22:26:57,173 [Worker-9: Import Getting Started Content] INFO  o.e.m.j.i.AbstractJavaProjectConfigurator - Adding source folder /Test/src/main/java
2023-03-25 22:26:57,173 [Worker-9: Import Getting Started Content] INFO  o.e.m.j.i.AbstractJavaProjectConfigurator - Adding resource folder /Test/src/main/resources
2023-03-25 22:26:57,173 [Worker-9: Import Getting Started Content] INFO  o.e.m.j.i.AbstractJavaProjectConfigurator - Adding resource folder /Test/src/main/resources
2023-03-25 22:26:57,174 [Worker-9: Import Getting Started Content] INFO  o.e.m.j.i.AbstractJavaProjectConfigurator - Adding source folder /Test/src/test/java
2023-03-25 22:26:57,539 [Worker-9: Import Getting Started Content] INFO  o.e.m.c.i.p.ProjectConfigurationManager - Update completed for 1 poms: local refresh takes 0.00 sec, refresh facades takes 0.00 sec, update config takes 0.00 sec 
2023-03-25 22:29:59,277 [Worker-4: Loading available Gradle versions] INFO  o.e.b.c.i.u.g.PublishedGradleVersions - Gradle version information cache is up-to-date. Trying to read.
2023-03-25 22:31:02,398 [Worker-9: Building] INFO  o.a.m.s.f.DefaultMavenResourcesFiltering - Copying 1 resource
2023-03-25 22:31:02,412 [Worker-9: Building] INFO  o.a.m.s.f.DefaultMavenResourcesFiltering - Copying 0 resource
2023-03-25 22:31:02,415 [Worker-9: Building] INFO  o.a.m.s.f.DefaultMavenResourcesFiltering - skip non existing resourceDirectory C:\Users\diaz5\OneDrive\Music\Documentos\Programas Java\JobTest\Test\src\test\resources
2023-03-25 22:31:32,545 [Worker-2: Building] INFO  o.a.m.s.f.DefaultMavenResourcesFiltering - Copying 1 resource
2023-03-25 22:31:32,551 [Worker-2: Building] INFO  o.a.m.s.f.DefaultMavenResourcesFiltering - Copying 0 resource
2023-03-25 22:31:32,554 [Worker-2: Building] INFO  o.a.m.s.f.DefaultMavenResourcesFiltering - skip non existing resourceDirectory C:\Users\diaz5\OneDrive\Music\Documentos\Programas Java\JobTest\Test\src\test\resources
2023-03-25 22:32:04,169 [Worker-4: Building] INFO  o.a.m.s.f.DefaultMavenResourcesFiltering - Copying 1 resource
2023-03-25 22:32:04,174 [Worker-4: Building] INFO  o.a.m.s.f.DefaultMavenResourcesFiltering - Copying 0 resource
2023-03-25 22:32:04,175 [Worker-4: Building] INFO  o.a.m.s.f.DefaultMavenResourcesFiltering - skip non existing resourceDirectory C:\Users\diaz5\OneDrive\Music\Documentos\Programas Java\JobTest\Test\src\test\resources
2023-03-25 22:34:11,357 [Worker-0: Building] INFO  o.a.m.s.f.DefaultMavenResourcesFiltering - Copying 1 resource
2023-03-25 22:34:11,361 [Worker-0: Building] INFO  o.a.m.s.f.DefaultMavenResourcesFiltering - Copying 0 resource
2023-03-25 22:34:11,363 [Worker-0: Building] INFO  o.a.m.s.f.DefaultMavenResourcesFiltering - skip non existing resourceDirectory C:\Users\diaz5\OneDrive\Music\Documentos\Programas Java\JobTest\Test\src\test\resources
2023-03-25 22:34:18,141 [Worker-4: Building] INFO  o.a.m.s.f.DefaultMavenResourcesFiltering - Copying 1 resource
2023-03-25 22:34:18,175 [Worker-4: Building] INFO  o.a.m.s.f.DefaultMavenResourcesFiltering - Copying 0 resource
2023-03-25 22:34:18,180 [Worker-4: Building] INFO  o.a.m.s.f.DefaultMavenResourcesFiltering - skip non existing resourceDirectory C:\Users\diaz5\OneDrive\Music\Documentos\Programas Java\JobTest\Test\src\test\resources
2023-03-25 22:34:32,351 [Worker-2: Building] INFO  o.a.m.s.f.DefaultMavenResourcesFiltering - Copying 1 resource
2023-03-25 22:34:32,356 [Worker-2: Building] INFO  o.a.m.s.f.DefaultMavenResourcesFiltering - Copying 0 resource
2023-03-25 22:34:32,360 [Worker-2: Building] INFO  o.a.m.s.f.DefaultMavenResourcesFiltering - skip non existing resourceDirectory C:\Users\diaz5\OneDrive\Music\Documentos\Programas Java\JobTest\Test\src\test\resources
2023-03-25 22:34:41,961 [Worker-11: Building] INFO  o.a.m.s.f.DefaultMavenResourcesFiltering - Copying 1 resource
2023-03-25 22:34:41,965 [Worker-11: Building] INFO  o.a.m.s.f.DefaultMavenResourcesFiltering - Copying 0 resource
2023-03-25 22:34:41,967 [Worker-11: Building] INFO  o.a.m.s.f.DefaultMavenResourcesFiltering - skip non existing resourceDirectory C:\Users\diaz5\OneDrive\Music\Documentos\Programas Java\JobTest\Test\src\test\resources
2023-03-25 22:35:05,832 [Worker-10: Building] INFO  o.a.m.s.f.DefaultMavenResourcesFiltering - Copying 1 resource
2023-03-25 22:35:05,836 [Worker-10: Building] INFO  o.a.m.s.f.DefaultMavenResourcesFiltering - Copying 0 resource
2023-03-25 22:35:05,839 [Worker-10: Building] INFO  o.a.m.s.f.DefaultMavenResourcesFiltering - skip non existing resourceDirectory C:\Users\diaz5\OneDrive\Music\Documentos\Programas Java\JobTest\Test\src\test\resources
2023-03-25 22:35:19,499 [Worker-10: Building] INFO  o.a.m.s.f.DefaultMavenResourcesFiltering - Copying 1 resource
2023-03-25 22:35:19,505 [Worker-10: Building] INFO  o.a.m.s.f.DefaultMavenResourcesFiltering - Copying 0 resource
2023-03-25 22:35:19,507 [Worker-10: Building] INFO  o.a.m.s.f.DefaultMavenResourcesFiltering - skip non existing resourceDirectory C:\Users\diaz5\OneDrive\Music\Documentos\Programas Java\JobTest\Test\src\test\resources
2023-03-25 22:35:39,027 [Worker-4: Building] INFO  o.a.m.s.f.DefaultMavenResourcesFiltering - Copying 1 resource
2023-03-25 22:35:39,035 [Worker-4: Building] INFO  o.a.m.s.f.DefaultMavenResourcesFiltering - Copying 0 resource
2023-03-25 22:35:39,037 [Worker-4: Building] INFO  o.a.m.s.f.DefaultMavenResourcesFiltering - skip non existing resourceDirectory C:\Users\diaz5\OneDrive\Music\Documentos\Programas Java\JobTest\Test\src\test\resources
2023-03-25 22:35:49,460 [Worker-10: Building] INFO  o.a.m.s.f.DefaultMavenResourcesFiltering - Copying 1 resource
2023-03-25 22:35:49,464 [Worker-10: Building] INFO  o.a.m.s.f.DefaultMavenResourcesFiltering - Copying 0 resource
2023-03-25 22:35:49,467 [Worker-10: Building] INFO  o.a.m.s.f.DefaultMavenResourcesFiltering - skip non existing resourceDirectory C:\Users\diaz5\OneDrive\Music\Documentos\Programas Java\JobTest\Test\src\test\resources
2023-03-25 22:36:08,826 [Worker-10: Building] INFO  o.a.m.s.f.DefaultMavenResourcesFiltering - Copying 1 resource
2023-03-25 22:36:08,829 [Worker-10: Building] INFO  o.a.m.s.f.DefaultMavenResourcesFiltering - Copying 0 resource
2023-03-25 22:36:08,830 [Worker-10: Building] INFO  o.a.m.s.f.DefaultMavenResourcesFiltering - skip non existing resourceDirectory C:\Users\diaz5\OneDrive\Music\Documentos\Programas Java\JobTest\Test\src\test\resources
2023-03-25 22:36:18,738 [Worker-0: Building] INFO  o.a.m.s.f.DefaultMavenResourcesFiltering - Copying 1 resource
2023-03-25 22:36:18,743 [Worker-0: Building] INFO  o.a.m.s.f.DefaultMavenResourcesFiltering - Copying 0 resource
2023-03-25 22:36:18,746 [Worker-0: Building] INFO  o.a.m.s.f.DefaultMavenResourcesFiltering - skip non existing resourceDirectory C:\Users\diaz5\OneDrive\Music\Documentos\Programas Java\JobTest\Test\src\test\resources
2023-03-25 22:36:42,651 [Worker-2: Launching Test - TestApplication] INFO  o.a.m.s.f.DefaultMavenResourcesFiltering - Copying 1 resource
2023-03-25 22:36:42,657 [Worker-2: Launching Test - TestApplication] INFO  o.a.m.s.f.DefaultMavenResourcesFiltering - Copying 0 resource
2023-03-25 22:36:42,659 [Worker-2: Launching Test - TestApplication] INFO  o.a.m.s.f.DefaultMavenResourcesFiltering - skip non existing resourceDirectory C:\Users\diaz5\OneDrive\Music\Documentos\Programas Java\JobTest\Test\src\test\resources
2023-03-25 22:36:56,589 [Worker-10: Building] INFO  o.a.m.s.f.DefaultMavenResourcesFiltering - Copying 1 resource
2023-03-25 22:36:56,618 [Worker-10: Building] INFO  o.a.m.s.f.DefaultMavenResourcesFiltering - Copying 0 resource
2023-03-25 22:36:56,620 [Worker-10: Building] INFO  o.a.m.s.f.DefaultMavenResourcesFiltering - skip non existing resourceDirectory C:\Users\diaz5\OneDrive\Music\Documentos\Programas Java\JobTest\Test\src\test\resources
2023-03-25 22:39:42,884 [Worker-1: Loading available Gradle versions] INFO  o.e.b.c.i.u.g.PublishedGradleVersions - Gradle version information cache is up-to-date. Trying to read.
2023-03-25 22:41:10,608 [Worker-3: Launching Test - TestApplication] INFO  o.a.m.s.f.DefaultMavenResourcesFiltering - Copying 1 resource
2023-03-25 22:41:10,629 [Worker-3: Launching Test - TestApplication] INFO  o.a.m.s.f.DefaultMavenResourcesFiltering - Copying 0 resource
2023-03-25 22:41:10,634 [Worker-3: Launching Test - TestApplication] INFO  o.a.m.s.f.DefaultMavenResourcesFiltering - skip non existing resourceDirectory C:\Users\diaz5\OneDrive\Music\Documentos\Programas Java\JobTest\Test\src\test\resources
2023-03-25 22:47:09,717 [Worker-3: Launching Test - TestApplication] INFO  o.a.m.s.f.DefaultMavenResourcesFiltering - Copying 1 resource
2023-03-25 22:47:09,731 [Worker-3: Launching Test - TestApplication] INFO  o.a.m.s.f.DefaultMavenResourcesFiltering - Copying 0 resource
2023-03-25 22:47:09,734 [Worker-3: Launching Test - TestApplication] INFO  o.a.m.s.f.DefaultMavenResourcesFiltering - skip non existing resourceDirectory C:\Users\diaz5\OneDrive\Music\Documentos\Programas Java\JobTest\Test\src\test\resources
2023-03-25 22:52:41,338 [Worker-11: Launching Test - TestApplication] INFO  o.a.m.s.f.DefaultMavenResourcesFiltering - Copying 1 resource
2023-03-25 22:52:41,346 [Worker-11: Launching Test - TestApplication] INFO  o.a.m.s.f.DefaultMavenResourcesFiltering - Copying 0 resource
2023-03-25 22:52:41,349 [Worker-11: Launching Test - TestApplication] INFO  o.a.m.s.f.DefaultMavenResourcesFiltering - skip non existing resourceDirectory C:\Users\diaz5\OneDrive\Music\Documentos\Programas Java\JobTest\Test\src\test\resources
2023-03-25 22:53:11,301 [Worker-18: Launching Test - TestApplication] INFO  o.a.m.s.f.DefaultMavenResourcesFiltering - Copying 1 resource
2023-03-25 22:53:11,306 [Worker-18: Launching Test - TestApplication] INFO  o.a.m.s.f.DefaultMavenResourcesFiltering - Copying 0 resource
2023-03-25 22:53:11,308 [Worker-18: Launching Test - TestApplication] INFO  o.a.m.s.f.DefaultMavenResourcesFiltering - skip non existing resourceDirectory C:\Users\diaz5\OneDrive\Music\Documentos\Programas Java\JobTest\Test\src\test\resources
2023-03-25 22:53:26,958 [Worker-15: Launching Test - TestApplication] INFO  o.a.m.s.f.DefaultMavenResourcesFiltering - Copying 1 resource
2023-03-25 22:53:26,965 [Worker-15: Launching Test - TestApplication] INFO  o.a.m.s.f.DefaultMavenResourcesFiltering - Copying 0 resource
2023-03-25 22:53:26,968 [Worker-15: Launching Test - TestApplication] INFO  o.a.m.s.f.DefaultMavenResourcesFiltering - skip non existing resourceDirectory C:\Users\diaz5\OneDrive\Music\Documentos\Programas Java\JobTest\Test\src\test\resources
2023-03-25 22:55:22,987 [Worker-21: Building] INFO  o.a.m.s.f.DefaultMavenResourcesFiltering - Copying 1 resource
2023-03-25 22:55:22,991 [Worker-21: Building] INFO  o.a.m.s.f.DefaultMavenResourcesFiltering - Copying 0 resource
2023-03-25 22:55:22,992 [Worker-21: Building] INFO  o.a.m.s.f.DefaultMavenResourcesFiltering - skip non existing resourceDirectory C:\Users\diaz5\OneDrive\Music\Documentos\Programas Java\JobTest\Test\src\test\resources
2023-03-25 22:55:25,786 [Worker-17: Launching Test - TestApplication] INFO  o.a.m.s.f.DefaultMavenResourcesFiltering - Copying 1 resource
2023-03-25 22:55:25,806 [Worker-17: Launching Test - TestApplication] INFO  o.a.m.s.f.DefaultMavenResourcesFiltering - Copying 0 resource
2023-03-25 22:55:25,809 [Worker-17: Launching Test - TestApplication] INFO  o.a.m.s.f.DefaultMavenResourcesFiltering - skip non existing resourceDirectory C:\Users\diaz5\OneDrive\Music\Documentos\Programas Java\JobTest\Test\src\test\resources
2023-03-27 00:04:30,688 [Worker-26: Launching Test - TestApplication] INFO  o.a.m.s.f.DefaultMavenResourcesFiltering - Copying 1 resource
2023-03-27 00:04:30,693 [Worker-26: Launching Test - TestApplication] INFO  o.a.m.s.f.DefaultMavenResourcesFiltering - Copying 0 resource
2023-03-27 00:04:30,697 [Worker-26: Launching Test - TestApplication] INFO  o.a.m.s.f.DefaultMavenResourcesFiltering - skip non existing resourceDirectory C:\Users\diaz5\OneDrive\Music\Documentos\Programas Java\JobTest\Test\src\test\resources
2023-03-27 00:04:59,401 [Worker-25: Building] INFO  o.a.m.s.f.DefaultMavenResourcesFiltering - Copying 1 resource
2023-03-27 00:04:59,406 [Worker-25: Building] INFO  o.a.m.s.f.DefaultMavenResourcesFiltering - Copying 0 resource
2023-03-27 00:04:59,408 [Worker-25: Building] INFO  o.a.m.s.f.DefaultMavenResourcesFiltering - skip non existing resourceDirectory C:\Users\diaz5\OneDrive\Music\Documentos\Programas Java\JobTest\Test\src\test\resources
2023-03-27 00:14:02,657 [Worker-32: Building] INFO  o.a.m.s.f.DefaultMavenResourcesFiltering - Copying 1 resource
2023-03-27 00:14:02,662 [Worker-32: Building] INFO  o.a.m.s.f.DefaultMavenResourcesFiltering - Copying 0 resource
2023-03-27 00:14:02,665 [Worker-32: Building] INFO  o.a.m.s.f.DefaultMavenResourcesFiltering - skip non existing resourceDirectory C:\Users\diaz5\OneDrive\Music\Documentos\Programas Java\JobTest\Test\src\test\resources
2023-03-27 00:14:34,998 [Worker-31: Building] INFO  o.a.m.s.f.DefaultMavenResourcesFiltering - Copying 1 resource
2023-03-27 00:14:35,004 [Worker-31: Building] INFO  o.a.m.s.f.DefaultMavenResourcesFiltering - Copying 0 resource
2023-03-27 00:14:35,005 [Worker-31: Building] INFO  o.a.m.s.f.DefaultMavenResourcesFiltering - skip non existing resourceDirectory C:\Users\diaz5\OneDrive\Music\Documentos\Programas Java\JobTest\Test\src\test\resources
2023-03-27 00:14:39,190 [Worker-27: Launching Test - TestApplication] INFO  o.a.m.s.f.DefaultMavenResourcesFiltering - Copying 1 resource
2023-03-27 00:14:39,208 [Worker-27: Launching Test - TestApplication] INFO  o.a.m.s.f.DefaultMavenResourcesFiltering - Copying 0 resource
2023-03-27 00:14:39,210 [Worker-27: Launching Test - TestApplication] INFO  o.a.m.s.f.DefaultMavenResourcesFiltering - skip non existing resourceDirectory C:\Users\diaz5\OneDrive\Music\Documentos\Programas Java\JobTest\Test\src\test\resources
2023-03-27 00:25:29,895 [Worker-33: Building] INFO  o.a.m.s.f.DefaultMavenResourcesFiltering - Copying 0 resource
2023-03-27 00:25:29,896 [Worker-33: Building] INFO  o.a.m.s.f.DefaultMavenResourcesFiltering - Copying 0 resource
2023-03-27 00:25:29,897 [Worker-33: Building] INFO  o.a.m.s.f.DefaultMavenResourcesFiltering - skip non existing resourceDirectory C:\Users\diaz5\OneDrive\Music\Documentos\Programas Java\JobTest\Test\src\test\resources
2023-03-27 00:25:43,554 [Worker-34: Building] INFO  o.a.m.s.f.DefaultMavenResourcesFiltering - Copying 0 resource
2023-03-27 00:25:43,554 [Worker-34: Building] INFO  o.a.m.s.f.DefaultMavenResourcesFiltering - Copying 0 resource
2023-03-27 00:25:43,556 [Worker-34: Building] INFO  o.a.m.s.f.DefaultMavenResourcesFiltering - skip non existing resourceDirectory C:\Users\diaz5\OneDrive\Music\Documentos\Programas Java\JobTest\Test\src\test\resources
2023-03-27 00:25:51,456 [Worker-36: Building] INFO  o.a.m.s.f.DefaultMavenResourcesFiltering - Copying 0 resource
2023-03-27 00:25:51,456 [Worker-36: Building] INFO  o.a.m.s.f.DefaultMavenResourcesFiltering - Copying 0 resource
2023-03-27 00:25:51,458 [Worker-36: Building] INFO  o.a.m.s.f.DefaultMavenResourcesFiltering - skip non existing resourceDirectory C:\Users\diaz5\OneDrive\Music\Documentos\Programas Java\JobTest\Test\src\test\resources
2023-03-27 00:26:12,212 [Worker-35: Building] INFO  o.a.m.s.f.DefaultMavenResourcesFiltering - Copying 0 resource
2023-03-27 00:26:12,212 [Worker-35: Building] INFO  o.a.m.s.f.DefaultMavenResourcesFiltering - Copying 0 resource
2023-03-27 00:26:12,213 [Worker-35: Building] INFO  o.a.m.s.f.DefaultMavenResourcesFiltering - skip non existing resourceDirectory C:\Users\diaz5\OneDrive\Music\Documentos\Programas Java\JobTest\Test\src\test\resources
2023-03-27 00:37:58,502 [Worker-37: Launching User_Test] INFO  o.a.m.s.f.DefaultMavenResourcesFiltering - Copying 1 resource
2023-03-27 00:37:58,513 [Worker-37: Launching User_Test] INFO  o.a.m.s.f.DefaultMavenResourcesFiltering - Copying 0 resource
2023-03-27 00:37:58,514 [Worker-37: Launching User_Test] INFO  o.a.m.s.f.DefaultMavenResourcesFiltering - skip non existing resourceDirectory C:\Users\diaz5\OneDrive\Music\Documentos\Programas Java\JobTest\Test\src\test\resources
2023-03-27 00:37:59,199 [Worker-37: Launching User_Test] INFO  o.e.m.c.i.e.AbstractTransferListenerAdapter - Downloading https://repo.maven.apache.org/maven2/org/junit/platform/junit-platform-launcher/1.9.2/junit-platform-launcher-1.9.2.jar
2023-03-27 00:37:59,428 [Worker-37: Launching User_Test] INFO  o.e.m.c.i.e.AbstractTransferListenerAdapter - Downloaded https://repo.maven.apache.org/maven2/org/junit/platform/junit-platform-launcher/1.9.2/junit-platform-launcher-1.9.2.jar
2023-03-27 00:42:51,330 [Worker-41: Launching User_Test] INFO  o.e.m.c.i.l.LifecycleMappingFactory - Using org.eclipse.m2e.jdt.JarLifecycleMapping lifecycle mapping for MavenProject: com.test.rest.api:Test:0.0.1-SNAPSHOT @ C:\Users\diaz5\OneDrive\Music\Documentos\Programas Java\JobTest\Test\pom.xml.
2023-03-27 00:42:51,721 [Worker-41: Launching User_Test] INFO  o.a.m.s.f.DefaultMavenResourcesFiltering - Copying 0 resource
2023-03-27 00:42:51,722 [Worker-41: Launching User_Test] INFO  o.a.m.s.f.DefaultMavenResourcesFiltering - Copying 0 resource
2023-03-27 00:42:51,723 [Worker-41: Launching User_Test] INFO  o.a.m.s.f.DefaultMavenResourcesFiltering - skip non existing resourceDirectory C:\Users\diaz5\OneDrive\Music\Documentos\Programas Java\JobTest\Test\src\test\resources
2023-03-27 00:42:52,259 [Worker-44: Building] INFO  o.a.m.s.f.DefaultMavenResourcesFiltering - Copying 1 resource
2023-03-27 00:42:52,270 [Worker-44: Building] INFO  o.a.m.s.f.DefaultMavenResourcesFiltering - Copying 0 resource
2023-03-27 00:42:52,271 [Worker-44: Building] INFO  o.a.m.s.f.DefaultMavenResourcesFiltering - skip non existing resourceDirectory C:\Users\diaz5\OneDrive\Music\Documentos\Programas Java\JobTest\Test\src\test\resources
2023-03-27 00:42:53,016 [Worker-44: Download sources and javadoc] INFO  o.e.m.c.i.e.AbstractTransferListenerAdapter - Downloading https://repo.maven.apache.org/maven2/com/h2database/h2/2.1.214/h2-2.1.214-sources.jar
2023-03-27 00:42:53,877 [Worker-44: Download sources and javadoc] INFO  o.e.m.c.i.e.AbstractTransferListenerAdapter - Downloaded https://repo.maven.apache.org/maven2/com/h2database/h2/2.1.214/h2-2.1.214-sources.jar
2023-03-27 00:42:53,878 [Worker-44: Download sources and javadoc] INFO  o.e.m.j.internal.DownloadSourcesJob - Downloaded sources for com.h2database:h2:2.1.214
2023-03-27 00:42:54,369 [Worker-44: Building] INFO  o.a.m.s.f.DefaultMavenResourcesFiltering - Copying 0 resource
2023-03-27 00:42:54,369 [Worker-44: Building] INFO  o.a.m.s.f.DefaultMavenResourcesFiltering - Copying 0 resource
2023-03-27 00:42:54,371 [Worker-44: Building] INFO  o.a.m.s.f.DefaultMavenResourcesFiltering - skip non existing resourceDirectory C:\Users\diaz5\OneDrive\Music\Documentos\Programas Java\JobTest\Test\src\test\resources
2023-03-27 00:44:48,490 [Worker-47: Building] INFO  o.a.m.s.f.DefaultMavenResourcesFiltering - Copying 0 resource
2023-03-27 00:44:48,490 [Worker-47: Building] INFO  o.a.m.s.f.DefaultMavenResourcesFiltering - Copying 0 resource
2023-03-27 00:44:48,491 [Worker-47: Building] INFO  o.a.m.s.f.DefaultMavenResourcesFiltering - skip non existing resourceDirectory C:\Users\diaz5\OneDrive\Music\Documentos\Programas Java\JobTest\Test\src\test\resources
2023-03-27 00:46:04,913 [Worker-47: Launching User_Test] INFO  o.a.m.s.f.DefaultMavenResourcesFiltering - Copying 0 resource
2023-03-27 00:46:04,913 [Worker-47: Launching User_Test] INFO  o.a.m.s.f.DefaultMavenResourcesFiltering - Copying 0 resource
2023-03-27 00:46:04,916 [Worker-47: Launching User_Test] INFO  o.a.m.s.f.DefaultMavenResourcesFiltering - skip non existing resourceDirectory C:\Users\diaz5\OneDrive\Music\Documentos\Programas Java\JobTest\Test\src\test\resources
2023-03-27 00:46:58,738 [Worker-47: Building] INFO  o.a.m.s.f.DefaultMavenResourcesFiltering - Copying 1 resource
2023-03-27 00:46:58,742 [Worker-47: Building] INFO  o.a.m.s.f.DefaultMavenResourcesFiltering - Copying 0 resource
2023-03-27 00:46:58,744 [Worker-47: Building] INFO  o.a.m.s.f.DefaultMavenResourcesFiltering - skip non existing resourceDirectory C:\Users\diaz5\OneDrive\Music\Documentos\Programas Java\JobTest\Test\src\test\resources
2023-03-27 00:48:49,688 [Worker-49: Building] INFO  o.a.m.s.f.DefaultMavenResourcesFiltering - Copying 1 resource
2023-03-27 00:48:49,692 [Worker-49: Building] INFO  o.a.m.s.f.DefaultMavenResourcesFiltering - Copying 0 resource
2023-03-27 00:48:49,694 [Worker-49: Building] INFO  o.a.m.s.f.DefaultMavenResourcesFiltering - skip non existing resourceDirectory C:\Users\diaz5\OneDrive\Music\Documentos\Programas Java\JobTest\Test\src\test\resources
2023-03-27 00:49:53,262 [Worker-42: Launching User_Test] INFO  o.a.m.s.f.DefaultMavenResourcesFiltering - Copying 0 resource
2023-03-27 00:49:53,262 [Worker-42: Launching User_Test] INFO  o.a.m.s.f.DefaultMavenResourcesFiltering - Copying 0 resource
2023-03-27 00:49:53,265 [Worker-42: Launching User_Test] INFO  o.a.m.s.f.DefaultMavenResourcesFiltering - skip non existing resourceDirectory C:\Users\diaz5\OneDrive\Music\Documentos\Programas Java\JobTest\Test\src\test\resources
2023-03-27 00:50:12,495 [Worker-47: Launching User_Test] INFO  o.a.m.s.f.DefaultMavenResourcesFiltering - Copying 0 resource
2023-03-27 00:50:12,496 [Worker-47: Launching User_Test] INFO  o.a.m.s.f.DefaultMavenResourcesFiltering - Copying 0 resource
2023-03-27 00:50:12,497 [Worker-47: Launching User_Test] INFO  o.a.m.s.f.DefaultMavenResourcesFiltering - skip non existing resourceDirectory C:\Users\diaz5\OneDrive\Music\Documentos\Programas Java\JobTest\Test\src\test\resources
2023-03-27 00:53:33,775 [Worker-50: Launching User_Test] INFO  o.a.m.s.f.DefaultMavenResourcesFiltering - Copying 1 resource
2023-03-27 00:53:33,781 [Worker-50: Launching User_Test] INFO  o.a.m.s.f.DefaultMavenResourcesFiltering - Copying 0 resource
2023-03-27 00:53:33,782 [Worker-50: Launching User_Test] INFO  o.a.m.s.f.DefaultMavenResourcesFiltering - skip non existing resourceDirectory C:\Users\diaz5\OneDrive\Music\Documentos\Programas Java\JobTest\Test\src\test\resources
2023-03-27 00:55:01,602 [Worker-53: Building] INFO  o.a.m.s.f.DefaultMavenResourcesFiltering - Copying 0 resource
2023-03-27 00:55:01,602 [Worker-53: Building] INFO  o.a.m.s.f.DefaultMavenResourcesFiltering - Copying 0 resource
2023-03-27 00:55:01,604 [Worker-53: Building] INFO  o.a.m.s.f.DefaultMavenResourcesFiltering - skip non existing resourceDirectory C:\Users\diaz5\OneDrive\Music\Documentos\Programas Java\JobTest\Test\src\test\resources
2023-03-27 00:57:22,012 [Worker-51: Launching User_Test] INFO  o.a.m.s.f.DefaultMavenResourcesFiltering - Copying 0 resource
2023-03-27 00:57:22,012 [Worker-51: Launching User_Test] INFO  o.a.m.s.f.DefaultMavenResourcesFiltering - Copying 0 resource
2023-03-27 00:57:22,013 [Worker-51: Launching User_Test] INFO  o.a.m.s.f.DefaultMavenResourcesFiltering - skip non existing resourceDirectory C:\Users\diaz5\OneDrive\Music\Documentos\Programas Java\JobTest\Test\src\test\resources
2023-03-27 00:58:03,925 [Worker-51: Launching User_Test] INFO  o.a.m.s.f.DefaultMavenResourcesFiltering - Copying 0 resource
2023-03-27 00:58:03,925 [Worker-51: Launching User_Test] INFO  o.a.m.s.f.DefaultMavenResourcesFiltering - Copying 0 resource
2023-03-27 00:58:03,926 [Worker-51: Launching User_Test] INFO  o.a.m.s.f.DefaultMavenResourcesFiltering - skip non existing resourceDirectory C:\Users\diaz5\OneDrive\Music\Documentos\Programas Java\JobTest\Test\src\test\resources
2023-03-27 01:01:15,314 [Worker-56: Launching User_Test] INFO  o.a.m.s.f.DefaultMavenResourcesFiltering - Copying 0 resource
2023-03-27 01:01:15,314 [Worker-56: Launching User_Test] INFO  o.a.m.s.f.DefaultMavenResourcesFiltering - Copying 0 resource
2023-03-27 01:01:15,315 [Worker-56: Launching User_Test] INFO  o.a.m.s.f.DefaultMavenResourcesFiltering - skip non existing resourceDirectory C:\Users\diaz5\OneDrive\Music\Documentos\Programas Java\JobTest\Test\src\test\resources
2023-03-27 01:03:43,677 [Worker-64: Building] INFO  o.a.m.s.f.DefaultMavenResourcesFiltering - Copying 1 resource
2023-03-27 01:03:43,684 [Worker-64: Building] INFO  o.a.m.s.f.DefaultMavenResourcesFiltering - Copying 0 resource
2023-03-27 01:03:43,685 [Worker-64: Building] INFO  o.a.m.s.f.DefaultMavenResourcesFiltering - skip non existing resourceDirectory C:\Users\diaz5\OneDrive\Music\Documentos\Programas Java\JobTest\Test\src\test\resources
2023-03-27 01:07:55,147 [Worker-60: Launching User_Test] INFO  o.a.m.s.f.DefaultMavenResourcesFiltering - Copying 1 resource
2023-03-27 01:07:55,158 [Worker-60: Launching User_Test] INFO  o.a.m.s.f.DefaultMavenResourcesFiltering - Copying 0 resource
2023-03-27 01:07:55,160 [Worker-60: Launching User_Test] INFO  o.a.m.s.f.DefaultMavenResourcesFiltering - skip non existing resourceDirectory C:\Users\diaz5\OneDrive\Music\Documentos\Programas Java\JobTest\Test\src\test\resources
2023-03-27 01:10:18,069 [Worker-69: Launching User_Test] INFO  o.a.m.s.f.DefaultMavenResourcesFiltering - Copying 0 resource
2023-03-27 01:10:18,069 [Worker-69: Launching User_Test] INFO  o.a.m.s.f.DefaultMavenResourcesFiltering - Copying 0 resource
2023-03-27 01:10:18,070 [Worker-69: Launching User_Test] INFO  o.a.m.s.f.DefaultMavenResourcesFiltering - skip non existing resourceDirectory C:\Users\diaz5\OneDrive\Music\Documentos\Programas Java\JobTest\Test\src\test\resources
2023-03-27 01:23:38,213 [Worker-74: Launching User_Test] INFO  o.a.m.s.f.DefaultMavenResourcesFiltering - Copying 0 resource
2023-03-27 01:23:38,213 [Worker-74: Launching User_Test] INFO  o.a.m.s.f.DefaultMavenResourcesFiltering - Copying 0 resource
2023-03-27 01:23:38,214 [Worker-74: Launching User_Test] INFO  o.a.m.s.f.DefaultMavenResourcesFiltering - skip non existing resourceDirectory C:\Users\diaz5\OneDrive\Music\Documentos\Programas Java\JobTest\Test\src\test\resources
2023-03-27 01:26:50,895 [Worker-79: Launching User_Test] INFO  o.a.m.s.f.DefaultMavenResourcesFiltering - Copying 1 resource
2023-03-27 01:26:50,910 [Worker-79: Launching User_Test] INFO  o.a.m.s.f.DefaultMavenResourcesFiltering - Copying 0 resource
2023-03-27 01:26:50,912 [Worker-79: Launching User_Test] INFO  o.a.m.s.f.DefaultMavenResourcesFiltering - skip non existing resourceDirectory C:\Users\diaz5\OneDrive\Music\Documentos\Programas Java\JobTest\Test\src\test\resources
2023-03-27 01:27:19,834 [Worker-80: Launching User_Test] INFO  o.a.m.s.f.DefaultMavenResourcesFiltering - Copying 0 resource
2023-03-27 01:27:19,834 [Worker-80: Launching User_Test] INFO  o.a.m.s.f.DefaultMavenResourcesFiltering - Copying 0 resource
2023-03-27 01:27:19,835 [Worker-80: Launching User_Test] INFO  o.a.m.s.f.DefaultMavenResourcesFiltering - skip non existing resourceDirectory C:\Users\diaz5\OneDrive\Music\Documentos\Programas Java\JobTest\Test\src\test\resources
2023-03-27 01:32:04,273 [Worker-84: Launching User_Test] INFO  o.a.m.s.f.DefaultMavenResourcesFiltering - Copying 0 resource
2023-03-27 01:32:04,273 [Worker-84: Launching User_Test] INFO  o.a.m.s.f.DefaultMavenResourcesFiltering - Copying 0 resource
2023-03-27 01:32:04,274 [Worker-84: Launching User_Test] INFO  o.a.m.s.f.DefaultMavenResourcesFiltering - skip non existing resourceDirectory C:\Users\diaz5\OneDrive\Music\Documentos\Programas Java\JobTest\Test\src\test\resources
2023-03-27 01:32:23,121 [Worker-28: Launching User_Test] INFO  o.a.m.s.f.DefaultMavenResourcesFiltering - Copying 0 resource
2023-03-27 01:32:23,121 [Worker-28: Launching User_Test] INFO  o.a.m.s.f.DefaultMavenResourcesFiltering - Copying 0 resource
2023-03-27 01:32:23,122 [Worker-28: Launching User_Test] INFO  o.a.m.s.f.DefaultMavenResourcesFiltering - skip non existing resourceDirectory C:\Users\diaz5\OneDrive\Music\Documentos\Programas Java\JobTest\Test\src\test\resources
2023-03-27 01:33:00,717 [Worker-76: Launching User_Test] INFO  o.a.m.s.f.DefaultMavenResourcesFiltering - Copying 0 resource
2023-03-27 01:33:00,717 [Worker-76: Launching User_Test] INFO  o.a.m.s.f.DefaultMavenResourcesFiltering - Copying 0 resource
2023-03-27 01:33:00,719 [Worker-76: Launching User_Test] INFO  o.a.m.s.f.DefaultMavenResourcesFiltering - skip non existing resourceDirectory C:\Users\diaz5\OneDrive\Music\Documentos\Programas Java\JobTest\Test\src\test\resources
2023-03-27 01:33:22,117 [Worker-76: Launching User_Test] INFO  o.a.m.s.f.DefaultMavenResourcesFiltering - Copying 0 resource
2023-03-27 01:33:22,117 [Worker-76: Launching User_Test] INFO  o.a.m.s.f.DefaultMavenResourcesFiltering - Copying 0 resource
2023-03-27 01:33:22,120 [Worker-76: Launching User_Test] INFO  o.a.m.s.f.DefaultMavenResourcesFiltering - skip non existing resourceDirectory C:\Users\diaz5\OneDrive\Music\Documentos\Programas Java\JobTest\Test\src\test\resources
2023-03-27 01:33:59,106 [Worker-86: Launching User_Test] INFO  o.a.m.s.f.DefaultMavenResourcesFiltering - Copying 0 resource
2023-03-27 01:33:59,106 [Worker-86: Launching User_Test] INFO  o.a.m.s.f.DefaultMavenResourcesFiltering - Copying 0 resource
2023-03-27 01:33:59,107 [Worker-86: Launching User_Test] INFO  o.a.m.s.f.DefaultMavenResourcesFiltering - skip non existing resourceDirectory C:\Users\diaz5\OneDrive\Music\Documentos\Programas Java\JobTest\Test\src\test\resources
2023-03-27 01:34:39,120 [Worker-76: Launching User_Test] INFO  o.a.m.s.f.DefaultMavenResourcesFiltering - Copying 0 resource
2023-03-27 01:34:39,120 [Worker-76: Launching User_Test] INFO  o.a.m.s.f.DefaultMavenResourcesFiltering - Copying 0 resource
2023-03-27 01:34:39,121 [Worker-76: Launching User_Test] INFO  o.a.m.s.f.DefaultMavenResourcesFiltering - skip non existing resourceDirectory C:\Users\diaz5\OneDrive\Music\Documentos\Programas Java\JobTest\Test\src\test\resources
2023-03-27 01:35:06,956 [Worker-79: Launching User_Test] INFO  o.a.m.s.f.DefaultMavenResourcesFiltering - Copying 0 resource
2023-03-27 01:35:06,956 [Worker-79: Launching User_Test] INFO  o.a.m.s.f.DefaultMavenResourcesFiltering - Copying 0 resource
2023-03-27 01:35:06,958 [Worker-79: Launching User_Test] INFO  o.a.m.s.f.DefaultMavenResourcesFiltering - skip non existing resourceDirectory C:\Users\diaz5\OneDrive\Music\Documentos\Programas Java\JobTest\Test\src\test\resources
2023-03-27 01:35:28,278 [Worker-28: Launching User_Test] INFO  o.a.m.s.f.DefaultMavenResourcesFiltering - Copying 0 resource
2023-03-27 01:35:28,278 [Worker-28: Launching User_Test] INFO  o.a.m.s.f.DefaultMavenResourcesFiltering - Copying 0 resource
2023-03-27 01:35:28,279 [Worker-28: Launching User_Test] INFO  o.a.m.s.f.DefaultMavenResourcesFiltering - skip non existing resourceDirectory C:\Users\diaz5\OneDrive\Music\Documentos\Programas Java\JobTest\Test\src\test\resources
2023-03-27 01:36:13,318 [Worker-82: Launching User_Test] INFO  o.a.m.s.f.DefaultMavenResourcesFiltering - Copying 0 resource
2023-03-27 01:36:13,318 [Worker-82: Launching User_Test] INFO  o.a.m.s.f.DefaultMavenResourcesFiltering - Copying 0 resource
2023-03-27 01:36:13,320 [Worker-82: Launching User_Test] INFO  o.a.m.s.f.DefaultMavenResourcesFiltering - skip non existing resourceDirectory C:\Users\diaz5\OneDrive\Music\Documentos\Programas Java\JobTest\Test\src\test\resources
2023-03-27 01:37:17,049 [Worker-84: Launching User_Test] INFO  o.a.m.s.f.DefaultMavenResourcesFiltering - Copying 0 resource
2023-03-27 01:37:17,049 [Worker-84: Launching User_Test] INFO  o.a.m.s.f.DefaultMavenResourcesFiltering - Copying 0 resource
2023-03-27 01:37:17,051 [Worker-84: Launching User_Test] INFO  o.a.m.s.f.DefaultMavenResourcesFiltering - skip non existing resourceDirectory C:\Users\diaz5\OneDrive\Music\Documentos\Programas Java\JobTest\Test\src\test\resources
2023-03-27 01:38:03,270 [Worker-79: Launching User_Test] INFO  o.a.m.s.f.DefaultMavenResourcesFiltering - Copying 0 resource
2023-03-27 01:38:03,270 [Worker-79: Launching User_Test] INFO  o.a.m.s.f.DefaultMavenResourcesFiltering - Copying 0 resource
2023-03-27 01:38:03,271 [Worker-79: Launching User_Test] INFO  o.a.m.s.f.DefaultMavenResourcesFiltering - skip non existing resourceDirectory C:\Users\diaz5\OneDrive\Music\Documentos\Programas Java\JobTest\Test\src\test\resources
2023-03-27 01:38:13,377 [Worker-76: Launching User_Test] INFO  o.a.m.s.f.DefaultMavenResourcesFiltering - Copying 0 resource
2023-03-27 01:38:13,378 [Worker-76: Launching User_Test] INFO  o.a.m.s.f.DefaultMavenResourcesFiltering - Copying 0 resource
2023-03-27 01:38:13,380 [Worker-76: Launching User_Test] INFO  o.a.m.s.f.DefaultMavenResourcesFiltering - skip non existing resourceDirectory C:\Users\diaz5\OneDrive\Music\Documentos\Programas Java\JobTest\Test\src\test\resources
2023-03-27 01:38:53,777 [Worker-28: Launching User_Test] INFO  o.a.m.s.f.DefaultMavenResourcesFiltering - Copying 0 resource
2023-03-27 01:38:53,778 [Worker-28: Launching User_Test] INFO  o.a.m.s.f.DefaultMavenResourcesFiltering - Copying 0 resource
2023-03-27 01:38:53,779 [Worker-28: Launching User_Test] INFO  o.a.m.s.f.DefaultMavenResourcesFiltering - skip non existing resourceDirectory C:\Users\diaz5\OneDrive\Music\Documentos\Programas Java\JobTest\Test\src\test\resources
2023-03-27 01:41:19,781 [Worker-76: Launching User_Test] INFO  o.a.m.s.f.DefaultMavenResourcesFiltering - Copying 0 resource
2023-03-27 01:41:19,781 [Worker-76: Launching User_Test] INFO  o.a.m.s.f.DefaultMavenResourcesFiltering - Copying 0 resource
2023-03-27 01:41:19,783 [Worker-76: Launching User_Test] INFO  o.a.m.s.f.DefaultMavenResourcesFiltering - skip non existing resourceDirectory C:\Users\diaz5\OneDrive\Music\Documentos\Programas Java\JobTest\Test\src\test\resources
